<?xml version="1.0" encoding="UTF-8"?>
<testng-results skipped="0" failed="1" ignored="0" total="3" passed="2">
  <reporter-output>
  </reporter-output>
  <suite name="Bus Booking Verification" duration-ms="131241" started-at="2022-05-09T09:31:33 IST" finished-at="2022-05-09T09:33:45 IST">
    <groups>
      <group name="Modification of arrival City">
        <method signature="BusBooking_TestCase.Modify_To_Station_And_Verify_The_OperatorList(java.lang.String,java.lang.String,java.lang.String,java.lang.String,java.lang.String)[pri:0, instance:com.tests.BusBooking_TestCase@b7dd107]" name="Modify_To_Station_And_Verify_The_OperatorList" class="com.tests.BusBooking_TestCase"/>
      </group> <!-- Modification of arrival City -->
      <group name="One Way Booking Verification">
        <method signature="BusBooking_TestCase.BookTickets(java.lang.String,java.lang.String,java.lang.String,java.lang.String,java.lang.String,java.lang.String)[pri:0, instance:com.tests.BusBooking_TestCase@b7dd107]" name="BookTickets" class="com.tests.BusBooking_TestCase"/>
      </group> <!-- One Way Booking Verification -->
    </groups>
    <test name="Booking Test" duration-ms="131241" started-at="2022-05-09T09:31:33 IST" finished-at="2022-05-09T09:33:45 IST">
      <class name="com.tests.BusBooking_TestCase">
        <test-method status="PASS" signature="setExtent()[pri:0, instance:com.tests.BusBooking_TestCase@b7dd107]" name="setExtent" is-config="true" duration-ms="173" started-at="2022-05-09T09:31:33 IST" finished-at="2022-05-09T09:31:33 IST">
          <reporter-output>
          </reporter-output>
        </test-method> <!-- setExtent -->
        <test-method status="PASS" signature="LauchAppliucation(java.lang.String,java.lang.String)[pri:0, instance:com.tests.BusBooking_TestCase@b7dd107]" name="LauchAppliucation" is-config="true" duration-ms="15133" started-at="2022-05-09T09:31:34 IST" finished-at="2022-05-09T09:31:50 IST">
          <params>
            <param index="0">
              <value>
                <![CDATA[chrome]]>
              </value>
            </param>
            <param index="1">
              <value>
                <![CDATA[https://www.yatra.com]]>
              </value>
            </param>
          </params>
          <reporter-output>
          </reporter-output>
        </test-method> <!-- LauchAppliucation -->
        <test-method status="PASS" signature="BookTickets(java.lang.String,java.lang.String,java.lang.String,java.lang.String,java.lang.String,java.lang.String)[pri:0, instance:com.tests.BusBooking_TestCase@b7dd107]" name="BookTickets" duration-ms="17815" started-at="2022-05-09T09:31:50 IST" data-provider="Bus_Booking_Details" finished-at="2022-05-09T09:32:07 IST">
          <params>
            <param index="0">
              <value>
                <![CDATA[Hyderabad]]>
              </value>
            </param>
            <param index="1">
              <value>
                <![CDATA[Jammalamadugu]]>
              </value>
            </param>
            <param index="2">
              <value>
                <![CDATA[17/05/2022]]>
              </value>
            </param>
            <param index="3">
              <value>
                <![CDATA[AR And BCVR Travels]]>
              </value>
            </param>
            <param index="4">
              <value>
                <![CDATA[Moosapet]]>
              </value>
            </param>
            <param index="5">
              <value>
                <![CDATA[Jammalamadugu]]>
              </value>
            </param>
          </params>
          <reporter-output>
          </reporter-output>
        </test-method> <!-- BookTickets -->
        <test-method status="PASS" signature="tearDown(org.testng.ITestResult)[pri:0, instance:com.tests.BusBooking_TestCase@b7dd107]" name="tearDown" is-config="true" duration-ms="4620" started-at="2022-05-09T09:32:07 IST" finished-at="2022-05-09T09:32:12 IST">
          <params>
            <param index="0">
              <value>
                <![CDATA[[TestResult name=BookTickets status=SUCCESS method=BusBooking_TestCase.BookTickets(java.lang.String,java.lang.String,java.lang.String,java.lang.String,java.lang.String,java.lang.String)[pri:0, instance:com.tests.BusBooking_TestCase@b7dd107] output={null}]]]>
              </value>
            </param>
          </params>
          <reporter-output>
          </reporter-output>
        </test-method> <!-- tearDown -->
        <test-method status="PASS" signature="LauchAppliucation(java.lang.String,java.lang.String)[pri:0, instance:com.tests.BusBooking_TestCase@b7dd107]" name="LauchAppliucation" is-config="true" duration-ms="7764" started-at="2022-05-09T09:32:12 IST" finished-at="2022-05-09T09:32:20 IST">
          <params>
            <param index="0">
              <value>
                <![CDATA[chrome]]>
              </value>
            </param>
            <param index="1">
              <value>
                <![CDATA[https://www.yatra.com]]>
              </value>
            </param>
          </params>
          <reporter-output>
          </reporter-output>
        </test-method> <!-- LauchAppliucation -->
        <test-method status="PASS" signature="Modify_To_Station_And_Verify_The_OperatorList(java.lang.String,java.lang.String,java.lang.String,java.lang.String,java.lang.String)[pri:0, instance:com.tests.BusBooking_TestCase@b7dd107]" name="Modify_To_Station_And_Verify_The_OperatorList" duration-ms="33446" started-at="2022-05-09T09:32:20 IST" data-provider="Modify Source City" finished-at="2022-05-09T09:32:54 IST">
          <params>
            <param index="0">
              <value>
                <![CDATA[Hyderabad]]>
              </value>
            </param>
            <param index="1">
              <value>
                <![CDATA[jammalamadugu]]>
              </value>
            </param>
            <param index="2">
              <value>
                <![CDATA[17/05/2022]]>
              </value>
            </param>
            <param index="3">
              <value>
                <![CDATA[Proddutur]]>
              </value>
            </param>
            <param index="4">
              <value>
                <![CDATA[Veera and Sri Kaleswari Travel]]>
              </value>
            </param>
          </params>
          <reporter-output>
          </reporter-output>
        </test-method> <!-- Modify_To_Station_And_Verify_The_OperatorList -->
        <test-method status="PASS" signature="tearDown(org.testng.ITestResult)[pri:0, instance:com.tests.BusBooking_TestCase@b7dd107]" name="tearDown" is-config="true" duration-ms="4700" started-at="2022-05-09T09:32:54 IST" finished-at="2022-05-09T09:32:58 IST">
          <params>
            <param index="0">
              <value>
                <![CDATA[[TestResult name=Modify_To_Station_And_Verify_The_OperatorList status=SUCCESS method=BusBooking_TestCase.Modify_To_Station_And_Verify_The_OperatorList(java.lang.String,java.lang.String,java.lang.String,java.lang.String,java.lang.String)[pri:0, instance:com.tests.BusBooking_TestCase@b7dd107] output={null}]]]>
              </value>
            </param>
          </params>
          <reporter-output>
          </reporter-output>
        </test-method> <!-- tearDown -->
        <test-method status="PASS" signature="LauchAppliucation(java.lang.String,java.lang.String)[pri:0, instance:com.tests.BusBooking_TestCase@b7dd107]" name="LauchAppliucation" is-config="true" duration-ms="27255" started-at="2022-05-09T09:32:58 IST" finished-at="2022-05-09T09:33:26 IST">
          <params>
            <param index="0">
              <value>
                <![CDATA[chrome]]>
              </value>
            </param>
            <param index="1">
              <value>
                <![CDATA[https://www.yatra.com]]>
              </value>
            </param>
          </params>
          <reporter-output>
          </reporter-output>
        </test-method> <!-- LauchAppliucation -->
        <test-method status="FAIL" signature="Search_Flights_And_Book_Tickets(java.lang.String,java.lang.String,java.lang.String,java.lang.String,java.lang.String,java.lang.String,java.lang.String,java.lang.String,java.lang.String,java.lang.String)[pri:0, instance:com.tests.BusBooking_TestCase@b7dd107]" name="Search_Flights_And_Book_Tickets" duration-ms="16701" started-at="2022-05-09T09:33:26 IST" data-provider="Search_Flights" finished-at="2022-05-09T09:33:42 IST">
          <params>
            <param index="0">
              <value>
                <![CDATA[Hyderabad]]>
              </value>
            </param>
            <param index="1">
              <value>
                <![CDATA[Mumbai]]>
              </value>
            </param>
            <param index="2">
              <value>
                <![CDATA[17/05/2022]]>
              </value>
            </param>
            <param index="3">
              <value>
                <![CDATA[Air India Business]]>
              </value>
            </param>
            <param index="4">
              <value>
                <![CDATA[Airbus A320 Neo]]>
              </value>
            </param>
            <param index="5">
              <value>
                <![CDATA[chandrahasareddy945@gmail.com]]>
              </value>
            </param>
            <param index="6">
              <value>
                <![CDATA[9666870136]]>
              </value>
            </param>
            <param index="7">
              <value>
                <![CDATA[Mr]]>
              </value>
            </param>
            <param index="8">
              <value>
                <![CDATA[Chandrahasa]]>
              </value>
            </param>
            <param index="9">
              <value>
                <![CDATA[Reddy]]>
              </value>
            </param>
          </params>
          <exception class="org.openqa.selenium.NoSuchElementException">
            <message>
              <![CDATA[no such element: Unable to locate element: {"method":"xpath","selector":"//span[text()='More Filters ']"}
  (Session info: chrome=101.0.4951.54)
For documentation on this error, please visit: https://www.seleniumhq.org/exceptions/no_such_element.html
Build info: version: '3.141.59', revision: 'e82be7d358', time: '2018-11-14T08:17:03'
System info: host: 'LAPTOP-E0NT1CNI', ip: '192.168.0.104', os.name: 'Windows 10', os.arch: 'amd64', os.version: '10.0', java.version: '1.8.0_281'
Driver info: org.openqa.selenium.chrome.ChromeDriver
Capabilities {acceptInsecureCerts: false, browserName: chrome, browserVersion: 101.0.4951.54, chrome: {chromedriverVersion: 101.0.4951.41 (93c720db8323..., userDataDir: C:\Users\BHARAT~1\AppData\L...}, goog:chromeOptions: {debuggerAddress: localhost:50196}, javascriptEnabled: true, networkConnectionEnabled: false, pageLoadStrategy: normal, platform: WINDOWS, platformName: WINDOWS, proxy: Proxy(), setWindowRect: true, strictFileInteractability: false, timeouts: {implicit: 0, pageLoad: 300000, script: 30000}, unhandledPromptBehavior: dismiss and notify, webauthn:extension:credBlob: true, webauthn:extension:largeBlob: true, webauthn:virtualAuthenticators: true}
Session ID: 992362aac232224f985ed8969f600b4c
*** Element info: {Using=xpath, value=//span[text()='More Filters ']}]]>
            </message>
            <full-stacktrace>
              <![CDATA[org.openqa.selenium.NoSuchElementException: no such element: Unable to locate element: {"method":"xpath","selector":"//span[text()='More Filters ']"}
  (Session info: chrome=101.0.4951.54)
For documentation on this error, please visit: https://www.seleniumhq.org/exceptions/no_such_element.html
Build info: version: '3.141.59', revision: 'e82be7d358', time: '2018-11-14T08:17:03'
System info: host: 'LAPTOP-E0NT1CNI', ip: '192.168.0.104', os.name: 'Windows 10', os.arch: 'amd64', os.version: '10.0', java.version: '1.8.0_281'
Driver info: org.openqa.selenium.chrome.ChromeDriver
Capabilities {acceptInsecureCerts: false, browserName: chrome, browserVersion: 101.0.4951.54, chrome: {chromedriverVersion: 101.0.4951.41 (93c720db8323..., userDataDir: C:\Users\BHARAT~1\AppData\L...}, goog:chromeOptions: {debuggerAddress: localhost:50196}, javascriptEnabled: true, networkConnectionEnabled: false, pageLoadStrategy: normal, platform: WINDOWS, platformName: WINDOWS, proxy: Proxy(), setWindowRect: true, strictFileInteractability: false, timeouts: {implicit: 0, pageLoad: 300000, script: 30000}, unhandledPromptBehavior: dismiss and notify, webauthn:extension:credBlob: true, webauthn:extension:largeBlob: true, webauthn:virtualAuthenticators: true}
Session ID: 992362aac232224f985ed8969f600b4c
*** Element info: {Using=xpath, value=//span[text()='More Filters ']}
at sun.reflect.NativeConstructorAccessorImpl.newInstance0(Native Method)
at sun.reflect.NativeConstructorAccessorImpl.newInstance(NativeConstructorAccessorImpl.java:62)
at sun.reflect.DelegatingConstructorAccessorImpl.newInstance(DelegatingConstructorAccessorImpl.java:45)
at java.lang.reflect.Constructor.newInstance(Constructor.java:423)
at org.openqa.selenium.remote.http.W3CHttpResponseCodec.createException(W3CHttpResponseCodec.java:187)
at org.openqa.selenium.remote.http.W3CHttpResponseCodec.decode(W3CHttpResponseCodec.java:122)
at org.openqa.selenium.remote.http.W3CHttpResponseCodec.decode(W3CHttpResponseCodec.java:49)
at org.openqa.selenium.remote.HttpCommandExecutor.execute(HttpCommandExecutor.java:158)
at org.openqa.selenium.remote.service.DriverCommandExecutor.execute(DriverCommandExecutor.java:83)
at org.openqa.selenium.remote.RemoteWebDriver.execute(RemoteWebDriver.java:552)
at org.openqa.selenium.remote.RemoteWebDriver.findElement(RemoteWebDriver.java:323)
at org.openqa.selenium.remote.RemoteWebDriver.findElementByXPath(RemoteWebDriver.java:428)
at org.openqa.selenium.By$ByXPath.findElement(By.java:353)
at org.openqa.selenium.remote.RemoteWebDriver.findElement(RemoteWebDriver.java:315)
at com.pages.Available_Flights_Page.Click_On_More_Filters_Button(Available_Flights_Page.java:13)
at com.tests.BusBooking_TestCase.Search_Flights_And_Book_Tickets(BusBooking_TestCase.java:155)
at sun.reflect.NativeMethodAccessorImpl.invoke0(Native Method)
at sun.reflect.NativeMethodAccessorImpl.invoke(NativeMethodAccessorImpl.java:62)
at sun.reflect.DelegatingMethodAccessorImpl.invoke(DelegatingMethodAccessorImpl.java:43)
at java.lang.reflect.Method.invoke(Method.java:498)
at org.testng.internal.invokers.MethodInvocationHelper.invokeMethod(MethodInvocationHelper.java:135)
at org.testng.internal.invokers.TestInvoker.invokeMethod(TestInvoker.java:673)
at org.testng.internal.invokers.TestInvoker.invokeTestMethod(TestInvoker.java:220)
at org.testng.internal.invokers.MethodRunner.runInSequence(MethodRunner.java:50)
at org.testng.internal.invokers.TestInvoker$MethodInvocationAgent.invoke(TestInvoker.java:945)
at org.testng.internal.invokers.TestInvoker.invokeTestMethods(TestInvoker.java:193)
at org.testng.internal.invokers.TestMethodWorker.invokeTestMethods(TestMethodWorker.java:146)
at org.testng.internal.invokers.TestMethodWorker.run(TestMethodWorker.java:128)
at java.util.ArrayList.forEach(ArrayList.java:1259)
at org.testng.TestRunner.privateRun(TestRunner.java:808)
at org.testng.TestRunner.run(TestRunner.java:603)
at org.testng.SuiteRunner.runTest(SuiteRunner.java:429)
at org.testng.SuiteRunner.runSequentially(SuiteRunner.java:423)
at org.testng.SuiteRunner.privateRun(SuiteRunner.java:383)
at org.testng.SuiteRunner.run(SuiteRunner.java:326)
at org.testng.SuiteRunnerWorker.runSuite(SuiteRunnerWorker.java:52)
at org.testng.SuiteRunnerWorker.run(SuiteRunnerWorker.java:95)
at org.testng.TestNG.runSuitesSequentially(TestNG.java:1249)
at org.testng.TestNG.runSuitesLocally(TestNG.java:1169)
at org.testng.TestNG.runSuites(TestNG.java:1092)
at org.testng.TestNG.run(TestNG.java:1060)
at org.apache.maven.surefire.testng.TestNGExecutor.run(TestNGExecutor.java:324)
at org.apache.maven.surefire.testng.TestNGXmlTestSuite.execute(TestNGXmlTestSuite.java:74)
at org.apache.maven.surefire.testng.TestNGProvider.invoke(TestNGProvider.java:123)
at org.apache.maven.surefire.booter.ForkedBooter.runSuitesInProcess(ForkedBooter.java:456)
at org.apache.maven.surefire.booter.ForkedBooter.execute(ForkedBooter.java:169)
at org.apache.maven.surefire.booter.ForkedBooter.run(ForkedBooter.java:595)
at org.apache.maven.surefire.booter.ForkedBooter.main(ForkedBooter.java:581)
]]>
            </full-stacktrace>
          </exception> <!-- org.openqa.selenium.NoSuchElementException -->
          <reporter-output>
          </reporter-output>
        </test-method> <!-- Search_Flights_And_Book_Tickets -->
        <test-method status="PASS" signature="tearDown(org.testng.ITestResult)[pri:0, instance:com.tests.BusBooking_TestCase@b7dd107]" name="tearDown" is-config="true" duration-ms="952" started-at="2022-05-09T09:33:42 IST" finished-at="2022-05-09T09:33:43 IST">
          <params>
            <param index="0">
              <value>
                <![CDATA[[TestResult name=Search_Flights_And_Book_Tickets status=FAILURE method=BusBooking_TestCase.Search_Flights_And_Book_Tickets(java.lang.String,java.lang.String,java.lang.String,java.lang.String,java.lang.String,java.lang.String,java.lang.String,java.lang.String,java.lang.String,java.lang.String)[pri:0, instance:com.tests.BusBooking_TestCase@b7dd107] output={null}]]]>
              </value>
            </param>
          </params>
          <reporter-output>
          </reporter-output>
        </test-method> <!-- tearDown -->
        <test-method status="PASS" signature="endReport()[pri:0, instance:com.tests.BusBooking_TestCase@b7dd107]" name="endReport" is-config="true" duration-ms="1393" started-at="2022-05-09T09:33:43 IST" finished-at="2022-05-09T09:33:45 IST">
          <reporter-output>
          </reporter-output>
        </test-method> <!-- endReport -->
      </class> <!-- com.tests.BusBooking_TestCase -->
    </test> <!-- Booking Test -->
  </suite> <!-- Bus Booking Verification -->
</testng-results>
